#
# There is insufficient memory for the Java Runtime Environment to continue.
# Native memory allocation (mmap) failed to map 117440512 bytes for G1 virtual space
# Possible reasons:
#   The system is out of physical RAM or swap space
#   The process is running with CompressedOops enabled, and the Java Heap may be blocking the growth of the native heap
# Possible solutions:
#   Reduce memory load on the system
#   Increase physical memory or swap space
#   Check if swap backing store is full
#   Decrease Java heap size (-Xmx/-Xms)
#   Decrease number of Java threads
#   Decrease Java thread stack sizes (-Xss)
#   Set larger code cache with -XX:ReservedCodeCacheSize=
#   JVM is running with Unscaled Compressed Oops mode in which the Java heap is
#     placed in the first 4GB address space. The Java Heap base address is the
#     maximum limit for the native heap growth. Please use -XX:HeapBaseMinAddress
#     to set the Java Heap base and to place the Java Heap above 4GB virtual address.
# This output file may be truncated or incomplete.
#
#  Out of Memory Error (os_windows.cpp:3769), pid=3988, tid=15448
#
# JRE version:  (17.0.6) (build )
# Java VM: OpenJDK 64-Bit Server VM (17.0.6+0-b2043.56-10027231, mixed mode, sharing, tiered, compressed oops, compressed class ptrs, g1 gc, windows-amd64)
# No core dump will be written. Minidumps are not enabled by default on client versions of Windows
#

---------------  S U M M A R Y ------------

Command Line: git4idea.http.GitAskPassApp Username for 'https://github.com': 

Host: AMD Ryzen 5 3500U with Radeon Vega Mobile Gfx  , 8 cores, 6G,  Windows 10 , 64 bit Build 19041 (10.0.19041.3570)
Time: Sun Nov 12 11:53:17 2023 Hora estándar romance elapsed time: 0.048138 seconds (0d 0h 0m 0s)

---------------  T H R E A D  ---------------

Current thread (0x000001f051dbc9c0):  JavaThread "Unknown thread" [_thread_in_vm, id=15448, stack(0x000000baaaa00000,0x000000baaab00000)]

Stack: [0x000000baaaa00000,0x000000baaab00000]
Native frames: (J=compiled Java code, j=interpreted, Vv=VM code, C=native code)
V  [jvm.dll+0x683c9a]
V  [jvm.dll+0x8427a4]
V  [jvm.dll+0x843f9e]
V  [jvm.dll+0x844603]
V  [jvm.dll+0x249b75]
V  [jvm.dll+0x680b69]
V  [jvm.dll+0x67505a]
V  [jvm.dll+0x309acb]
V  [jvm.dll+0x310f86]
V  [jvm.dll+0x3608ee]
V  [jvm.dll+0x360b1f]
V  [jvm.dll+0x2dfbf8]
V  [jvm.dll+0x2e0b64]
V  [jvm.dll+0x814091]
V  [jvm.dll+0x36e6a1]
V  [jvm.dll+0x7f35cc]
V  [jvm.dll+0x3f0e8f]
V  [jvm.dll+0x3f29d1]
C  [jli.dll+0x526b]
C  [ucrtbase.dll+0x21bb2]
C  [KERNEL32.DLL+0x17344]
C  [ntdll.dll+0x526b1]


---------------  P R O C E S S  ---------------

Threads class SMR info:
_java_thread_list=0x00007ffad9b0c058, length=0, elements={
}

Java Threads: ( => current thread )

Other Threads:
  0x000001f051e0eae0 GCTaskThread "GC Thread#0" [stack: 0x000000baaab00000,0x000000baaac00000] [id=2692]
  0x000001f051e1d730 ConcurrentGCThread "G1 Main Marker" [stack: 0x000000baaac00000,0x000000baaad00000] [id=16940]
  0x000001f051e1e050 ConcurrentGCThread "G1 Conc#0" [stack: 0x000000baaad00000,0x000000baaae00000] [id=7156]

[error occurred during error reporting (printing all threads), id 0xc0000005, EXCEPTION_ACCESS_VIOLATION (0xc0000005) at pc=0x00007ffad92c0797]

VM state: not at safepoint (not fully initialized)

VM Mutex/Monitor currently owned by a thread:  ([mutex/lock_event])
[0x000001f051db7600] Heap_lock - owner thread: 0x000001f051dbc9c0

Heap address: 0x0000000091000000, size: 1776 MB, Compressed Oops mode: 32-bit

CDS archive(s) mapped at: [0x0000000000000000-0x0000000000000000-0x0000000000000000), size 0, SharedBaseAddress: 0x0000000800000000, ArchiveRelocationMode: 0.
Narrow klass base: 0x0000000000000000, Narrow klass shift: 0, Narrow klass range: 0x0

GC Precious Log:
<Empty>

Heap:
 garbage-first heap   total 0K, used 0K [0x0000000091000000, 0x0000000100000000)
  region size 1024K, 0 young (0K), 0 survivors (0K)

[error occurred during error reporting (printing heap information), id 0xc0000005, EXCEPTION_ACCESS_VIOLATION (0xc0000005) at pc=0x00007ffad96ada89]

GC Heap History (0 events):
No events

Dll operation events (1 events):
Event: 0.028 Loaded shared library D:\Programacion\Android\jbr\bin\java.dll

Deoptimization events (0 events):
No events

Classes unloaded (0 events):
No events

Classes redefined (0 events):
No events

Internal exceptions (0 events):
No events

VM Operations (0 events):
No events

Events (0 events):
No events


Dynamic libraries:
0x00007ff700650000 - 0x00007ff70065a000 	D:\Programacion\Android\jbr\bin\java.exe
0x00007ffb59ab0000 - 0x00007ffb59ca7000 	C:\WINDOWS\SYSTEM32\ntdll.dll
0x00007ffb58ac0000 - 0x00007ffb58b7d000 	C:\WINDOWS\System32\KERNEL32.DLL
0x00007ffb577c0000 - 0x00007ffb57ab6000 	C:\WINDOWS\System32\KERNELBASE.dll
0x00007ffb576c0000 - 0x00007ffb577c0000 	C:\WINDOWS\System32\ucrtbase.dll
0x00007ffb483c0000 - 0x00007ffb483d7000 	D:\Programacion\Android\jbr\bin\jli.dll
0x00007ffb11a20000 - 0x00007ffb11a3b000 	D:\Programacion\Android\jbr\bin\VCRUNTIME140.dll
0x00007ffb58790000 - 0x00007ffb5892e000 	C:\WINDOWS\System32\USER32.dll
0x00007ffb57440000 - 0x00007ffb57462000 	C:\WINDOWS\System32\win32u.dll
0x00007ffb57cc0000 - 0x00007ffb57cec000 	C:\WINDOWS\System32\GDI32.dll
0x00007ffb575a0000 - 0x00007ffb576ba000 	C:\WINDOWS\System32\gdi32full.dll
0x00007ffb57190000 - 0x00007ffb5722d000 	C:\WINDOWS\System32\msvcp_win.dll
0x00007ffb49730000 - 0x00007ffb499ca000 	C:\WINDOWS\WinSxS\amd64_microsoft.windows.common-controls_6595b64144ccf1df_6.0.19041.3570_none_60bb2a3971f3e41a\COMCTL32.dll
0x00007ffb58110000 - 0x00007ffb581ae000 	C:\WINDOWS\System32\msvcrt.dll
0x00007ffb58b80000 - 0x00007ffb58bb0000 	C:\WINDOWS\System32\IMM32.DLL
0x00007ffb499d0000 - 0x00007ffb499dc000 	D:\Programacion\Android\jbr\bin\vcruntime140_1.dll
0x00007ffb11550000 - 0x00007ffb115dd000 	D:\Programacion\Android\jbr\bin\msvcp140.dll
0x00007ffad8fd0000 - 0x00007ffad9c3e000 	D:\Programacion\Android\jbr\bin\server\jvm.dll
0x00007ffb59300000 - 0x00007ffb593ae000 	C:\WINDOWS\System32\ADVAPI32.dll
0x00007ffb59820000 - 0x00007ffb598bc000 	C:\WINDOWS\System32\sechost.dll
0x00007ffb57b90000 - 0x00007ffb57cb6000 	C:\WINDOWS\System32\RPCRT4.dll
0x00007ffb3f000000 - 0x00007ffb3f009000 	C:\WINDOWS\SYSTEM32\WSOCK32.dll
0x00007ffb57ed0000 - 0x00007ffb57f3b000 	C:\WINDOWS\System32\WS2_32.dll
0x00007ffb54270000 - 0x00007ffb54297000 	C:\WINDOWS\SYSTEM32\WINMM.dll
0x00007ffb4c0b0000 - 0x00007ffb4c0ba000 	C:\WINDOWS\SYSTEM32\VERSION.dll
0x00007ffb559f0000 - 0x00007ffb55a02000 	C:\WINDOWS\SYSTEM32\kernel.appcore.dll
0x00007ffb520d0000 - 0x00007ffb520da000 	D:\Programacion\Android\jbr\bin\jimage.dll
0x00007ffb55210000 - 0x00007ffb553f4000 	C:\WINDOWS\SYSTEM32\DBGHELP.DLL
0x00007ffb47be0000 - 0x00007ffb47c14000 	C:\WINDOWS\SYSTEM32\dbgcore.DLL
0x00007ffb57510000 - 0x00007ffb57592000 	C:\WINDOWS\System32\bcryptPrimitives.dll
0x00007ffb520a0000 - 0x00007ffb520c5000 	D:\Programacion\Android\jbr\bin\java.dll

dbghelp: loaded successfully - version: 4.0.5 - missing functions: none
symbol engine: initialized successfully - sym options: 0x614 - pdb path: .;D:\Programacion\Android\jbr\bin;C:\WINDOWS\SYSTEM32;C:\WINDOWS\WinSxS\amd64_microsoft.windows.common-controls_6595b64144ccf1df_6.0.19041.3570_none_60bb2a3971f3e41a;D:\Programacion\Android\jbr\bin\server

VM Arguments:
java_command: git4idea.http.GitAskPassApp Username for 'https://github.com': 
java_class_path (initial): D:/Programacion/Android/plugins/vcs-git/lib/git4idea-rt.jar;D:/Programacion/Android/lib/externalProcess-rt.jar;D:/Programacion/Android/lib/app.jar;D:/Programacion/Android/lib/3rd-party-rt.jar
Launcher Type: SUN_STANDARD

[Global flags]
     intx CICompilerCount                          = 4                                         {product} {ergonomic}
     uint ConcGCThreads                            = 2                                         {product} {ergonomic}
     uint G1ConcRefinementThreads                  = 8                                         {product} {ergonomic}
   size_t G1HeapRegionSize                         = 1048576                                   {product} {ergonomic}
    uintx GCDrainStackTargetSize                   = 64                                        {product} {ergonomic}
   size_t InitialHeapSize                          = 117440512                                 {product} {ergonomic}
   size_t MarkStackSize                            = 4194304                                   {product} {ergonomic}
   size_t MaxHeapSize                              = 1862270976                                {product} {ergonomic}
   size_t MinHeapDeltaBytes                        = 1048576                                   {product} {ergonomic}
   size_t MinHeapSize                              = 8388608                                   {product} {ergonomic}
    uintx NonNMethodCodeHeapSize                   = 5839372                                {pd product} {ergonomic}
    uintx NonProfiledCodeHeapSize                  = 122909434                              {pd product} {ergonomic}
    uintx ProfiledCodeHeapSize                     = 122909434                              {pd product} {ergonomic}
    uintx ReservedCodeCacheSize                    = 251658240                              {pd product} {ergonomic}
     bool SegmentedCodeCache                       = true                                      {product} {ergonomic}
   size_t SoftMaxHeapSize                          = 1862270976                             {manageable} {ergonomic}
     bool UseCompressedClassPointers               = true                           {product lp64_product} {ergonomic}
     bool UseCompressedOops                        = true                           {product lp64_product} {ergonomic}
     bool UseG1GC                                  = true                                      {product} {ergonomic}
     bool UseLargePagesIndividualAllocation        = false                                  {pd product} {ergonomic}

Logging:
Log output configuration:
 #0: stdout all=warning uptime,level,tags
 #1: stderr all=off uptime,level,tags

Environment Variables:
PATH=D:/Programacion/ASW/Git/mingw64/libexec/git-core;D:/Programacion/ASW/Git/mingw64/libexec/git-core;D:\Programacion\ASW\Git\mingw64\bin;D:\Programacion\ASW\Git\usr\bin;D:\Users\Abel\bin;C:\Python311\Scripts\;C:\Python311\;C:\Program Files\Common Files\Oracle\Java\javapath;D:\Programacion\Python\Scripts\;C:\WINDOWS\system32;C:\WINDOWS;C:\WINDOWS\System32\Wbem;C:\WINDOWS\System32\WindowsPowerShell\v1.0\;C:\WINDOWS\System32\OpenSSH\;C:\Program Files\Microsoft SQL Server\130\Tools\Binn\;C:\Program Files (x86)\Bitvise SSH Client;C:\Program Files\dotnet\;C:\ProgramData\chocolatey\bin;%JAVA_HOME%\bin;D:\Programacion\Node\nvm;C:\Program Files\nodejs;C:\Program Files\AutoFirma\AutoFirma;C:\Ruby31-x64\bin;D:\Programacion\Python\Scripts\;D:\Programacion\Python\;D:\Users\Abel\AppData\Local\Microsoft\WindowsApps;D:\Programacion\Microsoft VS Code\bin;D:\Users\Abel\AppData\Roaming\npm;D:\Users\Abel\AppData\Local\GitHubDesktop\bin;D:\Users\Abel\AppData\Local\gitkraken\bin;D:\Programacion\ASW\Git\cmd
USERNAME=Abel
DISPLAY=:0.0
LC_ALL=en_US.UTF-8
TERM=xterm-256color
TMPDIR=D:\Users\Abel\AppData\Local\Temp
OS=Windows_NT
PROCESSOR_IDENTIFIER=AMD64 Family 23 Model 24 Stepping 1, AuthenticAMD
TMP=D:\Users\Abel\AppData\Local\Temp
TEMP=D:\Users\Abel\AppData\Local\Temp


JNI global refs:

[error occurred during error reporting (JNI global references), id 0xc0000005, EXCEPTION_ACCESS_VIOLATION (0xc0000005) at pc=0x00007ffad9087a10]


---------------  S Y S T E M  ---------------

OS:
 Windows 10 , 64 bit Build 19041 (10.0.19041.3570)
OS uptime: 0 days 1:42 hours

CPU: total 8 (initial active 8) (8 cores per cpu, 2 threads per core) family 23 model 24 stepping 1 microcode 0x0, cx8, cmov, fxsr, ht, mmx, 3dnowpref, sse, sse2, sse3, ssse3, sse4a, sse4.1, sse4.2, popcnt, lzcnt, tsc, tscinvbit, avx, avx2, aes, clmul, bmi1, bmi2, adx, sha, fma, vzeroupper, clflush, clflushopt

Memory: 4k page, system-wide physical 7103M (641M free)
TotalPageFile size 17343M (AvailPageFile size 13M)
current process WorkingSet (physical memory assigned to process): 10M, peak: 10M
current process commit charge ("private bytes"): 60M, peak: 171M

vm_info: OpenJDK 64-Bit Server VM (17.0.6+0-b2043.56-10027231) for windows-amd64 JRE (17.0.6+0-b2043.56-10027231), built on Apr 28 2023 00:43:19 by "androidbuild" with MS VC++ 16.10 / 16.11 (VS2019)

END.
